Turbo Share ( Admob )/app/build/intermediates/manifest_merge_blame_file/release/manifest-merger-blame-release-report.txt
1<?xml version="1.0" encoding="utf-8"?>
2<manifest xmlns:android="http://schemas.android.com/apk/res/android"
3    package="com.techdudes.easysharing"
4    android:versionCode="8"
5    android:versionName="1.2" >
6
7    <uses-sdk
8        android:minSdkVersion="16"
8-->src\main\AndroidManifest.xml
9        android:targetSdkVersion="28" />
9-->src\main\AndroidManifest.xml
10
11    <uses-permission android:name="android.permission.ACCESS_WIFI_STATE" />
11-->src\main\AndroidManifest.xml:6:5-76
11-->src\main\AndroidManifest.xml:6:22-73
12    <uses-permission android:name="android.permission.ACCESS_NETWORK_STATE" />
12-->src\main\AndroidManifest.xml:7:5-79
12-->src\main\AndroidManifest.xml:7:22-76
13    <uses-permission android:name="android.permission.CHANGE_WIFI_STATE" />
13-->src\main\AndroidManifest.xml:8:5-76
13-->src\main\AndroidManifest.xml:8:22-73
14    <uses-permission android:name="android.permission.CHANGE_NETWORK_STATE" />
14-->src\main\AndroidManifest.xml:9:5-79
14-->src\main\AndroidManifest.xml:9:22-76
15    <uses-permission android:name="android.permission.INTERNET" />
15-->src\main\AndroidManifest.xml:10:5-67
15-->src\main\AndroidManifest.xml:10:22-64
16    <uses-permission android:name="android.permission.FOREGROUND_SERVICE" />
16-->src\main\AndroidManifest.xml:11:5-77
16-->src\main\AndroidManifest.xml:11:22-74
17    <uses-permission android:name="android.permission.READ_PHONE_STATE" />
17-->src\main\AndroidManifest.xml:12:5-75
17-->src\main\AndroidManifest.xml:12:22-72
18    <uses-permission android:name="android.permission.REQUEST_INSTALL_PACKAGES" />
18-->src\main\AndroidManifest.xml:13:5-83
18-->src\main\AndroidManifest.xml:13:22-80
19    <uses-permission android:name="android.permission.SYSTEM_ALERT_WINDOW" />
19-->src\main\AndroidManifest.xml:14:5-78
19-->src\main\AndroidManifest.xml:14:22-75
20    <uses-permission android:name="android.permission.WRITE_EXTERNAL_STORAGE" />
20-->src\main\AndroidManifest.xml:15:5-81
20-->src\main\AndroidManifest.xml:15:22-78
21    <uses-permission android:name="android.permission.WRITE_SETTINGS" />
21-->src\main\AndroidManifest.xml:16:5-17:47
21-->src\main\AndroidManifest.xml:16:22-70
22    <uses-permission android:name="android.permission.ACCESS_COARSE_LOCATION" />
22-->src\main\AndroidManifest.xml:18:5-81
22-->src\main\AndroidManifest.xml:18:22-78
23    <uses-permission android:name="android.permission.ACCESS_FINE_LOCATION" />
23-->src\main\AndroidManifest.xml:19:5-79
23-->src\main\AndroidManifest.xml:19:22-76
24    <uses-permission android:name="android.permission.VIBRATE" />
24-->src\main\AndroidManifest.xml:20:5-66
24-->src\main\AndroidManifest.xml:20:22-63
25    <uses-permission android:name="android.permission.WAKE_LOCK" />
25-->src\main\AndroidManifest.xml:22:5-68
25-->src\main\AndroidManifest.xml:22:22-65
26    <uses-permission android:name="android.permission.CAMERA" /> <!-- Don't require camera, as this requires a rear camera. This allows it to work on the Nexus 7 -->
26-->[com.velitasali.tools.android:zxing:3.6.3] AndroidManifest.xml:11:5-65
26-->[com.velitasali.tools.android:zxing:3.6.3] AndroidManifest.xml:11:22-62
27    <uses-feature
27-->[com.velitasali.tools.android:zxing:3.6.3] AndroidManifest.xml:14:5-16:36
28        android:name="android.hardware.camera"
28-->[com.velitasali.tools.android:zxing:3.6.3] AndroidManifest.xml:15:9-47
29        android:required="false" />
29-->[com.velitasali.tools.android:zxing:3.6.3] AndroidManifest.xml:16:9-33
30    <uses-feature
30-->[com.velitasali.tools.android:zxing:3.6.3] AndroidManifest.xml:17:5-19:36
31        android:name="android.hardware.camera.front"
31-->[com.velitasali.tools.android:zxing:3.6.3] AndroidManifest.xml:18:9-53
32        android:required="false" /> <!-- TODO replace above two with next line after Android 4.2 -->
32-->[com.velitasali.tools.android:zxing:3.6.3] AndroidManifest.xml:19:9-33
33    <!-- <uses-feature android:name="android.hardware.camera.any"/> -->
34    <uses-feature
34-->[com.velitasali.tools.android:zxing:3.6.3] AndroidManifest.xml:22:5-24:36
35        android:name="android.hardware.camera.autofocus"
35-->[com.velitasali.tools.android:zxing:3.6.3] AndroidManifest.xml:23:9-57
36        android:required="false" />
36-->[com.velitasali.tools.android:zxing:3.6.3] AndroidManifest.xml:24:9-33
37    <uses-feature
37-->[com.velitasali.tools.android:zxing:3.6.3] AndroidManifest.xml:25:5-27:36
38        android:name="android.hardware.camera.flash"
38-->[com.velitasali.tools.android:zxing:3.6.3] AndroidManifest.xml:26:9-53
39        android:required="false" />
39-->[com.velitasali.tools.android:zxing:3.6.3] AndroidManifest.xml:27:9-33
40    <uses-feature
40-->[com.velitasali.tools.android:zxing:3.6.3] AndroidManifest.xml:28:5-30:36
41        android:name="android.hardware.screen.landscape"
41-->[com.velitasali.tools.android:zxing:3.6.3] AndroidManifest.xml:29:9-57
42        android:required="false" />
42-->[com.velitasali.tools.android:zxing:3.6.3] AndroidManifest.xml:30:9-33
43    <uses-feature
43-->[com.velitasali.tools.android:zxing:3.6.3] AndroidManifest.xml:31:5-33:36
44        android:name="android.hardware.wifi"
44-->[com.velitasali.tools.android:zxing:3.6.3] AndroidManifest.xml:32:9-45
45        android:required="false" /> <!-- Create a unique permission for your app and use it so only your app can receive your OneSignal messages. -->
45-->[com.velitasali.tools.android:zxing:3.6.3] AndroidManifest.xml:33:9-33
46    <permission
46-->[com.onesignal:OneSignal:3.14.1] AndroidManifest.xml:7:5-9:47
47        android:name="com.techdudes.easysharing.permission.C2D_MESSAGE"
47-->[com.onesignal:OneSignal:3.14.1] AndroidManifest.xml:8:9-63
48        android:protectionLevel="signature" />
48-->[com.onesignal:OneSignal:3.14.1] AndroidManifest.xml:9:9-44
49
50    <uses-permission android:name="com.techdudes.easysharing.permission.C2D_MESSAGE" />
50-->[com.onesignal:OneSignal:3.14.1] AndroidManifest.xml:11:5-79
50-->[com.onesignal:OneSignal:3.14.1] AndroidManifest.xml:11:22-76
51    <uses-permission android:name="com.google.android.c2dm.permission.RECEIVE" />
51-->[com.onesignal:OneSignal:3.14.1] AndroidManifest.xml:17:5-82
51-->[com.onesignal:OneSignal:3.14.1] AndroidManifest.xml:17:22-79
52    <!--
53 Use to restore notifications the user hasn't interacted with.
54         They could be missed notifications if the user reboots their device if this isn't in place.
55    -->
56    <uses-permission android:name="android.permission.RECEIVE_BOOT_COMPLETED" /> <!-- START: ShortcutBadger -->
56-->[com.onesignal:OneSignal:3.14.1] AndroidManifest.xml:29:5-81
56-->[com.onesignal:OneSignal:3.14.1] AndroidManifest.xml:29:22-78
57    <!-- Samsung -->
58    <uses-permission android:name="com.sec.android.provider.badge.permission.READ" />
58-->[com.onesignal:OneSignal:3.14.1] AndroidManifest.xml:31:5-86
58-->[com.onesignal:OneSignal:3.14.1] AndroidManifest.xml:31:22-83
59    <uses-permission android:name="com.sec.android.provider.badge.permission.WRITE" /> <!-- HTC -->
59-->[com.onesignal:OneSignal:3.14.1] AndroidManifest.xml:32:5-87
59-->[com.onesignal:OneSignal:3.14.1] AndroidManifest.xml:32:22-84
60    <uses-permission android:name="com.htc.launcher.permission.READ_SETTINGS" />
60-->[com.onesignal:OneSignal:3.14.1] AndroidManifest.xml:33:5-81
60-->[com.onesignal:OneSignal:3.14.1] AndroidManifest.xml:33:22-78
61    <uses-permission android:name="com.htc.launcher.permission.UPDATE_SHORTCUT" /> <!-- Sony -->
61-->[com.onesignal:OneSignal:3.14.1] AndroidManifest.xml:34:5-83
61-->[com.onesignal:OneSignal:3.14.1] AndroidManifest.xml:34:22-80
62    <uses-permission android:name="com.sonyericsson.home.permission.BROADCAST_BADGE" />
62-->[com.onesignal:OneSignal:3.14.1] AndroidManifest.xml:35:5-88
62-->[com.onesignal:OneSignal:3.14.1] AndroidManifest.xml:35:22-85
63    <uses-permission android:name="com.sonymobile.home.permission.PROVIDER_INSERT_BADGE" /> <!-- Apex -->
63-->[com.onesignal:OneSignal:3.14.1] AndroidManifest.xml:36:5-92
63-->[com.onesignal:OneSignal:3.14.1] AndroidManifest.xml:36:22-89
64    <uses-permission android:name="com.anddoes.launcher.permission.UPDATE_COUNT" /> <!-- Solid -->
64-->[com.onesignal:OneSignal:3.14.1] AndroidManifest.xml:37:5-84
64-->[com.onesignal:OneSignal:3.14.1] AndroidManifest.xml:37:22-81
65    <uses-permission android:name="com.majeur.launcher.permission.UPDATE_BADGE" /> <!-- Huawei -->
65-->[com.onesignal:OneSignal:3.14.1] AndroidManifest.xml:38:5-83
65-->[com.onesignal:OneSignal:3.14.1] AndroidManifest.xml:38:22-80
66    <uses-permission android:name="com.huawei.android.launcher.permission.CHANGE_BADGE" />
66-->[com.onesignal:OneSignal:3.14.1] AndroidManifest.xml:39:5-91
66-->[com.onesignal:OneSignal:3.14.1] AndroidManifest.xml:39:22-88
67    <uses-permission android:name="com.huawei.android.launcher.permission.READ_SETTINGS" />
67-->[com.onesignal:OneSignal:3.14.1] AndroidManifest.xml:40:5-92
67-->[com.onesignal:OneSignal:3.14.1] AndroidManifest.xml:40:22-89
68    <uses-permission android:name="com.huawei.android.launcher.permission.WRITE_SETTINGS" /> <!-- ZUK -->
68-->[com.onesignal:OneSignal:3.14.1] AndroidManifest.xml:41:5-93
68-->[com.onesignal:OneSignal:3.14.1] AndroidManifest.xml:41:22-90
69    <uses-permission android:name="android.permission.READ_APP_BADGE" /> <!-- OPPO -->
69-->[com.onesignal:OneSignal:3.14.1] AndroidManifest.xml:42:5-73
69-->[com.onesignal:OneSignal:3.14.1] AndroidManifest.xml:42:22-70
70    <uses-permission android:name="com.oppo.launcher.permission.READ_SETTINGS" />
70-->[com.onesignal:OneSignal:3.14.1] AndroidManifest.xml:43:5-82
70-->[com.onesignal:OneSignal:3.14.1] AndroidManifest.xml:43:22-79
71    <uses-permission android:name="com.oppo.launcher.permission.WRITE_SETTINGS" /> <!-- EvMe -->
71-->[com.onesignal:OneSignal:3.14.1] AndroidManifest.xml:44:5-83
71-->[com.onesignal:OneSignal:3.14.1] AndroidManifest.xml:44:22-80
72    <uses-permission android:name="me.everything.badger.permission.BADGE_COUNT_READ" />
72-->[com.onesignal:OneSignal:3.14.1] AndroidManifest.xml:45:5-88
72-->[com.onesignal:OneSignal:3.14.1] AndroidManifest.xml:45:22-85
73    <uses-permission android:name="me.everything.badger.permission.BADGE_COUNT_WRITE" />
73-->[com.onesignal:OneSignal:3.14.1] AndroidManifest.xml:46:5-89
73-->[com.onesignal:OneSignal:3.14.1] AndroidManifest.xml:46:22-86
74
75    <application
75-->src\main\AndroidManifest.xml:24:5-216:19
76        android:name="com.techdudes.easysharing.base.App"
76-->src\main\AndroidManifest.xml:25:9-58
77        android:allowBackup="true"
77-->src\main\AndroidManifest.xml:26:9-35
78        android:appComponentFactory="@string/app_name"
78-->src\main\AndroidManifest.xml:27:9-55
79        android:fullBackupContent="true"
79-->src\main\AndroidManifest.xml:28:9-41
80        android:icon="@mipmap/ic_launcher"
80-->src\main\AndroidManifest.xml:29:9-43
81        android:label="@string/app_name"
81-->src\main\AndroidManifest.xml:30:9-41
82        android:supportsRtl="true"
82-->src\main\AndroidManifest.xml:31:9-35
83        android:theme="@style/Theme.TBShare" >
83-->src\main\AndroidManifest.xml:32:9-45
84        <meta-data
84-->src\main\AndroidManifest.xml:36:9-38:69
85            android:name="com.google.android.gms.version"
85-->src\main\AndroidManifest.xml:37:13-58
86            android:value="@integer/google_play_services_version" />
86-->src\main\AndroidManifest.xml:38:13-66
87        <meta-data
87-->src\main\AndroidManifest.xml:39:9-41:52
88            android:name="com.google.android.gms.ads.APPLICATION_ID"
88-->src\main\AndroidManifest.xml:40:13-69
89            android:value="@string/admob_app_id" />
89-->src\main\AndroidManifest.xml:41:13-49
90
91        <activity
91-->src\main\AndroidManifest.xml:43:9-49:20
92            android:name="com.techdudes.easysharing.activity.MainActivity"
92-->src\main\AndroidManifest.xml:44:13-75
93            android:label="@string/app_name"
93-->src\main\AndroidManifest.xml:45:13-45
94            android:launchMode="singleTask"
94-->src\main\AndroidManifest.xml:46:13-44
95            android:theme="@style/Theme.TBShare.NoActionBar" >
95-->src\main\AndroidManifest.xml:47:13-61
96        </activity>
97        <activity
97-->src\main\AndroidManifest.xml:50:9-66:20
98            android:name="com.techdudes.easysharing.activity.ShareActivity"
98-->src\main\AndroidManifest.xml:51:13-76
99            android:label="@string/app_name"
99-->src\main\AndroidManifest.xml:52:13-45
100            android:theme="@style/Theme.TBShare.NoActionBar.StaticStatusBar" >
100-->src\main\AndroidManifest.xml:53:13-77
101            <intent-filter>
101-->src\main\AndroidManifest.xml:54:13-63:29
102                <action android:name="genonbeta.intent.action.TBShare_SEND_TEXT" />
102-->src\main\AndroidManifest.xml:55:17-84
102-->src\main\AndroidManifest.xml:55:25-81
103                <action android:name="android.intent.action.SEND" />
103-->src\main\AndroidManifest.xml:56:17-69
103-->src\main\AndroidManifest.xml:56:25-66
104                <action android:name="android.intent.action.SEND_MULTIPLE" />
104-->src\main\AndroidManifest.xml:57:17-78
104-->src\main\AndroidManifest.xml:57:25-75
105                <action android:name="genonbeta.intent.action.TBShare_SEND" />
105-->src\main\AndroidManifest.xml:58:17-79
105-->src\main\AndroidManifest.xml:58:25-76
106                <action android:name="genonbeta.intent.action.TBShare_SEND_MULTIPLE" />
106-->src\main\AndroidManifest.xml:59:17-88
106-->src\main\AndroidManifest.xml:59:25-85
107
108                <category android:name="android.intent.category.DEFAULT" />
108-->src\main\AndroidManifest.xml:61:17-76
108-->src\main\AndroidManifest.xml:61:27-73
109
110                <data android:mimeType="*/*" />
110-->src\main\AndroidManifest.xml:62:17-48
110-->src\main\AndroidManifest.xml:62:23-45
111            </intent-filter>
112        </activity>
113        <activity
113-->src\main\AndroidManifest.xml:68:9-71:80
114            android:name="com.techdudes.easysharing.activity.AddDevicesToTransferActivity"
114-->src\main\AndroidManifest.xml:69:13-91
115            android:label="@string/text_addDevicesToTransfer"
115-->src\main\AndroidManifest.xml:70:13-62
116            android:theme="@style/Theme.TBShare.NoActionBar.StaticStatusBar" />
116-->src\main\AndroidManifest.xml:71:13-77
117        <activity
117-->src\main\AndroidManifest.xml:73:9-76:80
118            android:name="com.techdudes.easysharing.activity.FileExplorerActivity"
118-->src\main\AndroidManifest.xml:74:13-83
119            android:label="@string/text_fileExplorer"
119-->src\main\AndroidManifest.xml:75:13-54
120            android:theme="@style/Theme.TBShare.NoActionBar.StaticStatusBar" />
120-->src\main\AndroidManifest.xml:76:13-77
121        <activity
121-->src\main\AndroidManifest.xml:78:9-81:80
122            android:name="com.techdudes.easysharing.activity.ConnectionManagerActivity"
122-->src\main\AndroidManifest.xml:79:13-88
123            android:label="@string/text_connectDevices"
123-->src\main\AndroidManifest.xml:80:13-56
124            android:theme="@style/Theme.TBShare.NoActionBar.StaticStatusBar" />
124-->src\main\AndroidManifest.xml:81:13-77
125        <activity
125-->src\main\AndroidManifest.xml:83:9-87:80
126            android:name="com.techdudes.easysharing.activity.ContentSharingActivity"
126-->src\main\AndroidManifest.xml:84:13-85
127            android:label="@string/text_send"
127-->src\main\AndroidManifest.xml:85:13-46
128            android:launchMode="singleTask"
128-->src\main\AndroidManifest.xml:86:13-44
129            android:theme="@style/Theme.TBShare.NoActionBar.StaticStatusBar" />
129-->src\main\AndroidManifest.xml:87:13-77
130        <activity
130-->src\main\AndroidManifest.xml:89:9-91:57
131            android:name="com.techdudes.easysharing.activity.FilePickerActivity"
131-->src\main\AndroidManifest.xml:90:13-81
132            android:label="@string/text_fileExplorer" />
132-->src\main\AndroidManifest.xml:91:13-54
133        <activity
133-->src\main\AndroidManifest.xml:93:9-111:20
134            android:name="com.techdudes.easysharing.activity.ViewTransferActivity"
134-->src\main\AndroidManifest.xml:94:13-83
135            android:label="@string/text_transactionViewer"
135-->src\main\AndroidManifest.xml:95:13-59
136            android:theme="@style/Theme.TBShare.NoActionBar.StaticStatusBar" >
136-->src\main\AndroidManifest.xml:96:13-77
137            <intent-filter>
137-->src\main\AndroidManifest.xml:97:13-110:29
138                <action android:name="android.intent.action.VIEW" />
138-->src\main\AndroidManifest.xml:98:17-69
138-->src\main\AndroidManifest.xml:98:25-66
139
140                <category android:name="android.intent.category.DEFAULT" />
140-->src\main\AndroidManifest.xml:61:17-76
140-->src\main\AndroidManifest.xml:61:27-73
141                <category android:name="android.intent.category.BROWSABLE" />
141-->src\main\AndroidManifest.xml:101:17-78
141-->src\main\AndroidManifest.xml:101:27-75
142
143                <data android:scheme="file" />
143-->src\main\AndroidManifest.xml:62:17-48
143-->src\main\AndroidManifest.xml:103:23-44
144                <data android:scheme="content" />
144-->src\main\AndroidManifest.xml:62:17-48
144-->src\main\AndroidManifest.xml:103:23-44
145                <data android:mimeType="*/*" />
145-->src\main\AndroidManifest.xml:62:17-48
145-->src\main\AndroidManifest.xml:62:23-45
146                <data android:host="*" />
146-->src\main\AndroidManifest.xml:62:17-48
146-->src\main\AndroidManifest.xml:107:23-39
147                <data android:pathPattern=".*\\.tshare" />
147-->src\main\AndroidManifest.xml:62:17-48
147-->src\main\AndroidManifest.xml:108:23-56
148                <data android:pathPattern=".*\\..*\\.tshare" />
148-->src\main\AndroidManifest.xml:62:17-48
148-->src\main\AndroidManifest.xml:108:23-56
149            </intent-filter>
150        </activity>
151        <activity
151-->src\main\AndroidManifest.xml:113:9-116:63
152            android:name="com.techdudes.easysharing.activity.ManageDevicesActivity"
152-->src\main\AndroidManifest.xml:114:13-84
153            android:label="@string/text_manageDevices"
153-->src\main\AndroidManifest.xml:115:13-55
154            android:theme="@style/Theme.TBShare.NoActionBar" />
154-->src\main\AndroidManifest.xml:116:13-61
155        <activity
155-->src\main\AndroidManifest.xml:118:9-120:51
156            android:name="com.techdudes.easysharing.activity.SearchActivity"
156-->src\main\AndroidManifest.xml:119:13-77
157            android:label="@string/butn_search" />
157-->src\main\AndroidManifest.xml:120:13-48
158        <activity
158-->src\main\AndroidManifest.xml:122:9-124:55
159            android:name="com.techdudes.easysharing.activity.TextEditorActivity"
159-->src\main\AndroidManifest.xml:123:13-81
160            android:label="@string/text_textEditor" />
160-->src\main\AndroidManifest.xml:124:13-52
161        <activity
161-->src\main\AndroidManifest.xml:126:9-133:20
162            android:name="com.techdudes.easysharing.activity.ChangeStoragePathActivity"
162-->src\main\AndroidManifest.xml:127:13-88
163            android:theme="@style/Base.Theme.AppCompat.Dialog" >
163-->src\main\AndroidManifest.xml:128:13-63
164            <intent-filter>
164-->src\main\AndroidManifest.xml:129:13-132:29
165                <action android:name="com.genonbeta.intent.action.UPDATE_STORAGE_PATH" />
165-->src\main\AndroidManifest.xml:130:17-90
165-->src\main\AndroidManifest.xml:130:25-87
166
167                <category android:name="android.intent.category.DEFAULT" />
167-->src\main\AndroidManifest.xml:61:17-76
167-->src\main\AndroidManifest.xml:61:27-73
168            </intent-filter>
169        </activity>
170        <activity
170-->src\main\AndroidManifest.xml:135:9-138:75
171            android:name="com.techdudes.easysharing.activity.BarcodeScannerActivity"
171-->src\main\AndroidManifest.xml:136:13-85
172            android:label="@string/text_scanQrCode"
172-->src\main\AndroidManifest.xml:137:13-52
173            android:theme="@style/Theme.TBShare.BarcodeScannerActivity" />
173-->src\main\AndroidManifest.xml:138:13-72
174        <activity
174-->src\main\AndroidManifest.xml:140:9-150:20
175            android:name="com.techdudes.easysharing.activity.SplashActivity"
175-->src\main\AndroidManifest.xml:141:13-77
176            android:label="@string/app_name"
176-->src\main\AndroidManifest.xml:142:13-45
177            android:theme="@style/Theme.TBShare.NoActionBar" >
177-->src\main\AndroidManifest.xml:143:13-61
178            <intent-filter>
178-->src\main\AndroidManifest.xml:145:13-148:29
179                <action android:name="android.intent.action.MAIN" />
179-->src\main\AndroidManifest.xml:146:17-69
179-->src\main\AndroidManifest.xml:146:25-66
180
181                <category android:name="android.intent.category.LAUNCHER" />
181-->src\main\AndroidManifest.xml:147:17-77
181-->src\main\AndroidManifest.xml:147:27-74
182            </intent-filter>
183        </activity>
184        <activity
184-->src\main\AndroidManifest.xml:151:9-153:63
185            android:name="com.techdudes.easysharing.activity.WebShareActivity"
185-->src\main\AndroidManifest.xml:151:19-85
186            android:label="Web Share"
186-->src\main\AndroidManifest.xml:152:13-38
187            android:theme="@style/Theme.TBShare.NoActionBar" />
187-->src\main\AndroidManifest.xml:153:13-61
188
189        <provider
190            android:name="androidx.core.content.FileProvider"
190-->src\main\AndroidManifest.xml:156:13-62
191            android:authorities="com.techdudes.easysharing.fileprovider"
191-->src\main\AndroidManifest.xml:157:13-64
192            android:exported="false"
192-->src\main\AndroidManifest.xml:158:13-37
193            android:grantUriPermissions="true" >
193-->src\main\AndroidManifest.xml:159:13-47
194            <meta-data
194-->src\main\AndroidManifest.xml:160:13-162:58
195                android:name="android.support.FILE_PROVIDER_PATHS"
195-->src\main\AndroidManifest.xml:161:17-67
196                android:resource="@xml/provider_paths" />
196-->src\main\AndroidManifest.xml:162:17-55
197        </provider>
198
199        <receiver
199-->src\main\AndroidManifest.xml:165:9-174:20
200            android:name="com.techdudes.easysharing.receiver.NetworkStatusReceiver"
200-->src\main\AndroidManifest.xml:166:13-84
201            android:process=":transfer" >
201-->src\main\AndroidManifest.xml:167:13-40
202            <intent-filter>
202-->src\main\AndroidManifest.xml:168:13-173:29
203                <action android:name="android.net.wifi.WIFI_STATE_CHANGED" />
203-->src\main\AndroidManifest.xml:169:17-78
203-->src\main\AndroidManifest.xml:169:25-75
204                <action android:name="android.net.wifi.WIFI_AP_STATE_CHANGED" />
204-->src\main\AndroidManifest.xml:170:17-81
204-->src\main\AndroidManifest.xml:170:25-78
205                <action android:name="android.net.wifi.STATE_CHANGE" />
205-->src\main\AndroidManifest.xml:171:17-72
205-->src\main\AndroidManifest.xml:171:25-69
206                <action android:name="android.net.wifi.p2p.CONNECTION_STATE_CHANGE" />
206-->src\main\AndroidManifest.xml:172:17-87
206-->src\main\AndroidManifest.xml:172:25-84
207            </intent-filter>
208        </receiver>
209        <receiver
209-->src\main\AndroidManifest.xml:175:9-177:43
210            android:name="com.techdudes.easysharing.receiver.DialogEventReceiver"
210-->src\main\AndroidManifest.xml:176:13-82
211            android:process=":transfer" />
211-->src\main\AndroidManifest.xml:177:13-40
212
213        <service
213-->src\main\AndroidManifest.xml:179:9-183:43
214            android:name="com.techdudes.easysharing.service.CommunicationService"
214-->src\main\AndroidManifest.xml:180:13-82
215            android:enabled="true"
215-->src\main\AndroidManifest.xml:181:13-35
216            android:label="@string/text_communicationService"
216-->src\main\AndroidManifest.xml:182:13-62
217            android:process=":transfer" />
217-->src\main\AndroidManifest.xml:183:13-40
218        <service
218-->src\main\AndroidManifest.xml:185:9-192:19
219            android:name="com.techdudes.easysharing.service.DeviceChooserService"
219-->src\main\AndroidManifest.xml:186:13-82
220            android:label="@string/text_chooserTargetService"
220-->src\main\AndroidManifest.xml:187:13-62
221            android:permission="android.permission.BIND_CHOOSER_TARGET_SERVICE" >
221-->src\main\AndroidManifest.xml:188:13-80
222            <intent-filter>
222-->src\main\AndroidManifest.xml:189:13-191:29
223                <action android:name="android.service.chooser.ChooserTargetService" />
223-->src\main\AndroidManifest.xml:190:17-87
223-->src\main\AndroidManifest.xml:190:25-84
224            </intent-filter>
225        </service>
226        <service android:name="com.techdudes.easysharing.service.DeviceScannerService" >
226-->src\main\AndroidManifest.xml:193:9-200:19
226-->src\main\AndroidManifest.xml:193:18-87
227            <intent-filter>
227-->src\main\AndroidManifest.xml:194:13-199:29
228                <action android:name="genonbeta.intent.action.SCAN_DEVICES" />
228-->src\main\AndroidManifest.xml:195:17-79
228-->src\main\AndroidManifest.xml:195:25-76
229                <action android:name="genonbeta.intent.action.ADD_IP" />
229-->src\main\AndroidManifest.xml:196:17-73
229-->src\main\AndroidManifest.xml:196:25-70
230
231                <category android:name="android.intent.category.DEFAULT" />
231-->src\main\AndroidManifest.xml:61:17-76
231-->src\main\AndroidManifest.xml:61:27-73
232            </intent-filter>
233        </service>
234        <service
234-->src\main\AndroidManifest.xml:202:9-204:58
235            android:name="com.techdudes.easysharing.service.WorkerService"
235-->src\main\AndroidManifest.xml:203:13-75
236            android:label="@string/text_workerService" />
236-->src\main\AndroidManifest.xml:204:13-55
237        <service
237-->src\main\AndroidManifest.xml:206:9-215:19
238            android:name="com.techdudes.easysharing.service.CommunicationToggleTile"
238-->src\main\AndroidManifest.xml:207:13-85
239            android:icon="@mipmap/ic_launcher"
239-->src\main\AndroidManifest.xml:208:13-47
240            android:label="@string/text_shareFiles"
240-->src\main\AndroidManifest.xml:209:13-52
241            android:permission="android.permission.BIND_QUICK_SETTINGS_TILE"
241-->src\main\AndroidManifest.xml:210:13-77
242            android:process=":transfer" >
242-->src\main\AndroidManifest.xml:211:13-40
243            <intent-filter>
243-->src\main\AndroidManifest.xml:212:13-214:29
244                <action android:name="android.service.quicksettings.action.QS_TILE" />
244-->src\main\AndroidManifest.xml:213:17-87
244-->src\main\AndroidManifest.xml:213:25-84
245            </intent-filter>
246        </service>
247
248        <activity
248-->[com.velitasali.tools.android:zxing:3.6.3] AndroidManifest.xml:36:9-42:63
249            android:name="com.journeyapps.barcodescanner.CaptureActivity"
249-->[com.velitasali.tools.android:zxing:3.6.3] AndroidManifest.xml:37:13-74
250            android:clearTaskOnLaunch="true"
250-->[com.velitasali.tools.android:zxing:3.6.3] AndroidManifest.xml:38:13-45
251            android:screenOrientation="sensorLandscape"
251-->[com.velitasali.tools.android:zxing:3.6.3] AndroidManifest.xml:39:13-56
252            android:stateNotNeeded="true"
252-->[com.velitasali.tools.android:zxing:3.6.3] AndroidManifest.xml:40:13-42
253            android:theme="@style/zxing_CaptureTheme"
253-->[com.velitasali.tools.android:zxing:3.6.3] AndroidManifest.xml:41:13-54
254            android:windowSoftInputMode="stateAlwaysHidden" />
254-->[com.velitasali.tools.android:zxing:3.6.3] AndroidManifest.xml:42:13-60
255
256        <meta-data
256-->[com.onesignal:OneSignal:3.14.1] AndroidManifest.xml:49:9-51:51
257            android:name="onesignal_app_id"
257-->[com.onesignal:OneSignal:3.14.1] AndroidManifest.xml:50:13-44
258            android:value="Your OneSignal ID" /> <!-- Deprecated - Pulled from OneSignal dashboard. -->
258-->[com.onesignal:OneSignal:3.14.1] AndroidManifest.xml:51:13-48
259        <meta-data
259-->[com.onesignal:OneSignal:3.14.1] AndroidManifest.xml:53:9-55:70
260            android:name="onesignal_google_project_number"
260-->[com.onesignal:OneSignal:3.14.1] AndroidManifest.xml:54:13-59
261            android:value="str:REMOTE" />
261-->[com.onesignal:OneSignal:3.14.1] AndroidManifest.xml:55:13-67
262
263        <receiver
263-->[com.onesignal:OneSignal:3.14.1] AndroidManifest.xml:57:9-67:20
264            android:name="com.onesignal.GcmBroadcastReceiver"
264-->[com.onesignal:OneSignal:3.14.1] AndroidManifest.xml:58:13-62
265            android:permission="com.google.android.c2dm.permission.SEND" >
265-->[com.onesignal:OneSignal:3.14.1] AndroidManifest.xml:59:13-73
266
267            <!-- High priority so OneSignal payloads can be filtered from other GCM receivers if filterOtherGCMReceivers is enabled. -->
268            <intent-filter android:priority="999" >
268-->[com.onesignal:OneSignal:3.14.1] AndroidManifest.xml:62:13-66:29
268-->[com.onesignal:OneSignal:3.14.1] AndroidManifest.xml:62:28-50
269                <action android:name="com.google.android.c2dm.intent.RECEIVE" />
269-->[com.onesignal:OneSignal:3.14.1] AndroidManifest.xml:63:17-81
269-->[com.onesignal:OneSignal:3.14.1] AndroidManifest.xml:63:25-78
270
271                <category android:name="com.techdudes.easysharing" />
271-->[com.onesignal:OneSignal:3.14.1] AndroidManifest.xml:65:17-61
271-->[com.onesignal:OneSignal:3.14.1] AndroidManifest.xml:65:27-58
272            </intent-filter>
273        </receiver>
274        <receiver android:name="com.onesignal.NotificationOpenedReceiver" />
274-->[com.onesignal:OneSignal:3.14.1] AndroidManifest.xml:68:9-77
274-->[com.onesignal:OneSignal:3.14.1] AndroidManifest.xml:68:19-74
275